<?xml version="1.0" encoding="UTF-8"?>
<!-- Generated by org.testng.reporters.JUnitReportReporter -->
<testsuite hostname="DESKTOP-MEGUF6G" failures="0" tests="2" name="com.tests.AppiumTest" time="0.007" errors="0" timestamp="2022-06-16T09:09:57 IST" skipped="0">
  <testcase classname="com.tests.AppiumTest" name="openBrowser" time="0.000"/>
  <system-out/>
  <testcase classname="com.tests.AppiumTest" name="closeBrowser" time="0.007"/>
  <system-out/>
</testsuite> <!-- com.tests.AppiumTest -->
