<?xml version="1.0" encoding="UTF-8"?>
<!-- Generated by org.testng.reporters.JUnitReportReporter -->
<testsuite hostname="DESKTOP-MEGUF6G" failures="0" tests="2" name="com.tests.SeleniumTest" time="0.001" errors="0" timestamp="2022-06-16T09:09:57 IST" skipped="0">
  <testcase classname="com.tests.SeleniumTest" name="doLogin" time="0.000"/>
  <system-out/>
  <testcase classname="com.tests.SeleniumTest" name="userRegistration" time="0.001"/>
  <system-out/>
</testsuite> <!-- com.tests.SeleniumTest -->
